Using pre-set license
Built from '2020.3/staging' branch; Version is '2020.3.9f1 (108be757e447) revision 1084391'; Using compiler version '192528614'; Build Type 'Release'
OS: 'Windows 10 Pro; OS build 18363.1440; Version 1909; 64bit' Language: 'zh' Physical Memory: 16162 MB
BatchMode: 1, IsHumanControllingUs: 0, StartBugReporterOnCrash: 0, Is64bit: 1, IsPro: 0

 COMMAND LINE ARGUMENTS:
C:\Unity Hub\2020.3.9f1\Editor\Unity.exe
-adb2
-batchMode
-noUpm
-name
AssetImportWorker0
-projectPath
C:/Users/yingc/OneDrive/桌面/網路/final_project
-logFile
Logs/AssetImportWorker0.log
-srvPort
56755
Successfully changed project path to: C:/Users/yingc/OneDrive/桌面/網路/final_project
C:/Users/yingc/OneDrive/桌面/網路/final_project
Using Asset Import Pipeline V2.
Refreshing native plugins compatible for Editor in 83.60 ms, found 3 plugins.
Preloading 0 native plugins for Editor in 0.00 ms.
Initialize engine version: 2020.3.9f1 (108be757e447)
[Subsystems] Discovering subsystems at path C:/Unity Hub/2020.3.9f1/Editor/Data/Resources/UnitySubsystems
[Subsystems] Discovering subsystems at path C:/Users/yingc/OneDrive/桌面/網路/final_project/Assets
GfxDevice: creating device client; threaded=0
Direct3D:
    Version:  Direct3D 11.0 [level 11.1]
    Renderer: NVIDIA GeForce GTX 1650 with Max-Q Design (ID=0x1f96)
    Vendor:   
    VRAM:     3964 MB
    Driver:   27.21.14.6627
Initialize mono
Mono path[0] = 'C:/Unity Hub/2020.3.9f1/Editor/Data/Managed'
Mono path[1] = 'C:/Unity Hub/2020.3.9f1/Editor/Data/MonoBleedingEdge/lib/mono/unityjit'
Mono config path = 'C:/Unity Hub/2020.3.9f1/Editor/Data/MonoBleedingEdge/etc'
Using monoOptions --debugger-agent=transport=dt_socket,embedding=1,server=y,suspend=n,address=127.0.0.1:56156
Begin MonoManager ReloadAssembly
Registering precompiled unity dll's ...
Register platform support module: C:/Unity Hub/2020.3.9f1/Editor/Data/PlaybackEngines/WebGLSupport/UnityEditor.WebGL.Extensions.dll
Register platform support module: C:/Unity Hub/2020.3.9f1/Editor/Data/PlaybackEngines/WindowsStandaloneSupport/UnityEditor.WindowsStandalone.Extensions.dll
Registered in 0.003847 seconds.
Native extension for WindowsStandalone target not found
Native extension for WebGL target not found
Refreshing native plugins compatible for Editor in 58.21 ms, found 3 plugins.
Preloading 0 native plugins for Editor in 0.00 ms.
Mono: successfully reloaded assembly
- Completed reload, in  1.819 seconds
Platform modules already initialized, skipping
Registering precompiled user dll's ...
Registered in 0.007251 seconds.
Begin MonoManager ReloadAssembly
Native extension for WindowsStandalone target not found
Native extension for WebGL target not found
Refreshing native plugins compatible for Editor in 67.93 ms, found 3 plugins.
Preloading 0 native plugins for Editor in 0.00 ms.
Mono: successfully reloaded assembly
- Completed reload, in  1.852 seconds
Platform modules already initialized, skipping
========================================================================
Worker process is ready to serve import requests
Launched and connected shader compiler UnityShaderCompiler.exe after 0.08 seconds
Refreshing native plugins compatible for Editor in 0.77 ms, found 3 plugins.
Preloading 0 native plugins for Editor in 0.00 ms.
Unloading 2085 Unused Serialized files (Serialized files now loaded: 0)
System memory in use before: 112.8 MB.
System memory in use after: 112.7 MB.

Unloading 32 unused Assets to reduce memory usage. Loaded Objects now: 2542.
Total: 3.702400 ms (FindLiveObjects: 0.333300 ms CreateObjectMapping: 0.151700 ms MarkObjects: 2.996400 ms  DeleteObjects: 0.219500 ms)

========================================================================
Received Import Request.
  path: Assets/scripts/Dumbell.cs
  artifactKey: Guid(fbd06706577016c4abb3b5dc04a7f8aa) Importer(815301076,1909f56bfc062723c751e8b465ee728b)
Start importing Assets/scripts/Dumbell.cs using Guid(fbd06706577016c4abb3b5dc04a7f8aa) Importer(815301076,1909f56bfc062723c751e8b465ee728b)  -> (artifact id: 'd93cc15ced6c3cf628e08b75114dcf55') in 0.086550 seconds
  Import took 0.092899 seconds .

AssetImportWorkerClient::OnTransportError - code=2 error=End of file
